<?xml version="1.0" encoding="UTF-8"?>
<!-- Generated by org.testng.reporters.JUnitReportReporter -->
<testsuite hostname="workwin" name="com.example.tests.AGroupCreationTests" tests="4" failures="0" timestamp="20 Aug 2014 02:17:32 GMT" time="5.191" errors="0">
  <testcase name="testNonEmptyGroupCreation3" time="1.407" classname="com.example.tests.AGroupCreationTests"/>
  <testcase name="testNonEmptyGroupCreation2" time="1.296" classname="com.example.tests.AGroupCreationTests"/>
  <testcase name="testEmptyGroupCreation" time="1.278" classname="com.example.tests.AGroupCreationTests"/>
  <testcase name="testNonEmptyGroupCreation" time="1.210" classname="com.example.tests.AGroupCreationTests"/>
</testsuite> <!-- com.example.tests.AGroupCreationTests -->
