<?xml version="1.0" encoding="UTF-8"?>
<!-- Generated by org.testng.reporters.JUnitReportReporter -->
<testsuite hostname="workwin" name="com.example.tests.BGroupCreationTests" tests="2" failures="0" timestamp="20 Aug 2014 01:56:32 GMT" time="4.198" errors="0">
  <testcase name="testNonEmptyGroupCreation" time="2.998" classname="com.example.tests.BGroupCreationTests"/>
  <testcase name="testNonEmptyGroupCreation2" time="1.200" classname="com.example.tests.BGroupCreationTests"/>
</testsuite> <!-- com.example.tests.BGroupCreationTests -->
