<?xml version="1.0" encoding="UTF-8"?>
<!-- Generated by org.testng.reporters.JUnitReportReporter -->
<testsuite hostname="workwin" name="com.example.tests.GroupCreationTests" tests="2" failures="0" timestamp="12 Aug 2014 11:19:55 GMT" time="5.632" errors="0">
  <testcase name="testNonEmptyGroupCreation" time="4.114" classname="com.example.tests.GroupCreationTests"/>
  <testcase name="testNonEmptyGroupCreation2" time="1.518" classname="com.example.tests.GroupCreationTests"/>
</testsuite> <!-- com.example.tests.GroupCreationTests -->
