<?xml version="1.0" encoding="UTF-8"?>
<!-- Generated by org.testng.reporters.JUnitReportReporter -->
<testsuite hostname="workwin" name="com.example.tests.CUserCreationTests" tests="3" failures="0" timestamp="20 Aug 2014 02:10:04 GMT" time="5.419" errors="0">
  <testcase name="testNonEmptyAddressCreation" time="1.689" classname="com.example.tests.CUserCreationTests"/>
  <testcase name="testNonEmptyAddressCreation2" time="1.893" classname="com.example.tests.CUserCreationTests"/>
  <testcase name="testNonEmptyAddressCreation3" time="1.837" classname="com.example.tests.CUserCreationTests"/>
</testsuite> <!-- com.example.tests.CUserCreationTests -->
