<?xml version="1.0" encoding="UTF-8"?>
<!-- Generated by org.testng.reporters.JUnitReportReporter -->
<testsuite hostname="workwin" name="com.example.tests.AlsoOfGroupCreationTests" tests="2" failures="0" timestamp="12 Aug 2014 11:19:55 GMT" time="2.871" errors="0">
  <testcase name="testEmptyGroupCreation" time="1.299" classname="com.example.tests.AlsoOfGroupCreationTests"/>
  <testcase name="testNonEmptyGroupCreation" time="1.572" classname="com.example.tests.AlsoOfGroupCreationTests"/>
</testsuite> <!-- com.example.tests.AlsoOfGroupCreationTests -->
