<?xml version="1.0" encoding="UTF-8"?>
<!-- Generated by org.testng.reporters.JUnitReportReporter -->
<testsuite hostname="workwin" name="com.example.tests.AlsoOfGroupCreationTests" tests="2" failures="0" timestamp="20 Aug 2014 01:50:57 GMT" time="2.465" errors="0">
  <testcase name="testEmptyGroupCreation" time="1.220" classname="com.example.tests.AlsoOfGroupCreationTests"/>
  <testcase name="testNonEmptyGroupCreation" time="1.245" classname="com.example.tests.AlsoOfGroupCreationTests"/>
</testsuite> <!-- com.example.tests.AlsoOfGroupCreationTests -->
