<?xml version="1.0" encoding="UTF-8"?>
<!-- Generated by org.testng.reporters.JUnitReportReporter -->
<testsuite hostname="workwin" name="com.example.tests.GroupCreationTests" tests="2" failures="0" timestamp="20 Aug 2014 01:50:57 GMT" time="2.700" errors="0">
  <testcase name="testNonEmptyGroupCreation" time="1.293" classname="com.example.tests.GroupCreationTests"/>
  <testcase name="testNonEmptyGroupCreation2" time="1.407" classname="com.example.tests.GroupCreationTests"/>
</testsuite> <!-- com.example.tests.GroupCreationTests -->
